<?xml version="1.0" encoding="UTF-8"?>
<!-- Generated by org.testng.reporters.JUnitReportReporter -->
<testsuite hostname="LAPTOP-VJPB9BFB" failures="0" tests="1" name="TestCases.verifyFooter" time="85.785" errors="0" timestamp="2023-03-20T14:41:42 IST" skipped="0">
  <testcase classname="TestCases.verifyFooter" name="Footer" time="85.785"/>
  <system-out/>
</testsuite> <!-- TestCases.verifyFooter -->
