<?xml version="1.0" encoding="UTF-8"?>
<!-- Generated by org.testng.reporters.JUnitReportReporter -->
<testsuite hostname="LAPTOP-VJPB9BFB" failures="0" tests="1" name="PageObjectModel.LoginPageObject" time="41.514" errors="0" timestamp="2023-03-07T18:12:18 IST" skipped="0">
  <testcase classname="PageObjectModel.LoginPageObject" name="login" time="41.514"/>
  <system-out/>
</testsuite> <!-- PageObjectModel.LoginPageObject -->
