<?xml version="1.0" encoding="UTF-8"?>
<!-- Generated by org.testng.reporters.JUnitReportReporter -->
<testsuite hostname="LAPTOP-VJPB9BFB" failures="0" tests="1" name="TestCases.verifyMenuBar" time="82.549" errors="0" timestamp="2023-03-20T14:41:38 IST" skipped="0">
  <testcase classname="TestCases.verifyMenuBar" name="verifyMainMenu" time="82.549"/>
  <system-out/>
</testsuite> <!-- TestCases.verifyMenuBar -->
