<?xml version="1.0" encoding="UTF-8"?>
<!-- Generated by org.testng.reporters.JUnitReportReporter -->
<testsuite hostname="LAPTOP-VJPB9BFB" failures="0" tests="1" name="TestCases.verifyHeader" time="71.691" errors="0" timestamp="2023-03-20T14:41:40 IST" skipped="0">
  <testcase classname="TestCases.verifyHeader" name="header" time="71.691"/>
  <system-out/>
</testsuite> <!-- TestCases.verifyHeader -->
