<?xml version="1.0" encoding="UTF-8"?>
<!-- Generated by org.testng.reporters.JUnitReportReporter -->
<testsuite hostname="LAPTOP-VJPB9BFB" failures="0" tests="1" name="TestCases.verifyLogin" time="35.496" errors="0" timestamp="2023-03-08T12:41:22 IST" skipped="0">
  <testcase classname="TestCases.verifyLogin" name="login" time="35.496"/>
  <system-out/>
</testsuite> <!-- TestCases.verifyLogin -->
